<?xml version="1.0" encoding="utf-8"?>
<shfbBuild product="Sandcastle Help File Builder and Tools" version="2015.10.10.0" projectFile="C:\Users\Albert\Dropbox\Programming Assignments MonoGame\Programming Assignment 3\sandcastle\ProgrammingAssignment3\Documentation\Documentation.shfbproj" started="1/22/2016 5:31:00 PM">
<buildStep step="Initializing">
Finding tools...
The Sandcastle tools are located in &#39;C:\Program Files (x86)\EWSoftware\Sandcastle Help File Builder\&#39;
Locating components in the following folder(s):
    C:\Users\Albert\Dropbox\Programming Assignments MonoGame\Programming Assignment 3\sandcastle\ProgrammingAssignment3\Documentation
    C:\ProgramData\EWSoftware\Sandcastle Help File Builder\Components and Plug-Ins\
    C:\Program Files (x86)\EWSoftware\Sandcastle Help File Builder\
Framework reflection data location: C:\Program Files (x86)\EWSoftware\Sandcastle Help File Builder\Data\.NETFramework
Using presentation style &#39;VS2013&#39; located in &#39;C:\Program Files (x86)\EWSoftware\Sandcastle Help File Builder\PresentationStyles\VS2013&#39;
Loading and initializing plug-ins...
Lightweight Website Style Version 2015.10.10.0
Copyright &#169; 2006-2015, Eric Woodruff, All Rights Reserved
Portions Copyright &#169; 2014, Sam Harwell, All Rights Reserved
</buildStep>
<buildStep step="ClearWorkFolder">
Clearing working folder...
-------------------------------
Clearing any prior web/markdown output...
</buildStep>
<buildStep step="ValidatingDocumentationSources">
Validating and copying documentation source information
Source: C:\Users\Albert\Dropbox\Programming Assignments MonoGame\Programming Assignment 3\sandcastle\ProgrammingAssignment3\ProgrammingAssignment3\ProgrammingAssignment3.csproj
    Found project &#39;C:\Users\Albert\Dropbox\Programming Assignments MonoGame\Programming Assignment 3\sandcastle\ProgrammingAssignment3\ProgrammingAssignment3\ProgrammingAssignment3.csproj&#39;

Parsing project files
    Found assembly &#39;C:\Users\Albert\Dropbox\Programming Assignments MonoGame\Programming Assignment 3\sandcastle\ProgrammingAssignment3\ProgrammingAssignment3\bin\Windows\Debug\ProgrammingAssignment3.exe&#39;
SHFB: Warning BE0007: A project with a different or higher framework version was found.  Changing project FrameworkVersion property from &#39;.NET Framework 4.5&#39; to &#39;.NET Framework 4.0&#39; for the build.

References to include (excluding framework assemblies):
    MonoGame.Framework
SHFB: Warning BE0062: No XML comments files found.  The help file will not contain any member comments.
</buildStep>
<buildStep step="GenerateSharedContent">
Generating shared content files (en-US, English (United States))...
<plugIn name="Lightweight Website Style" behavior="After" priority="1000">
</plugIn>    Last step completed in 00:00:00.0280
</buildStep>
<buildStep step="GenerateApiFilter">
Generating API filter for MRefBuilder...
    Last step completed in 00:00:00.0020
</buildStep>
<buildStep step="GenerateReflectionInfo">
Generating reflection information...
[C:\Program Files (x86)\MSBuild\14.0\bin\MSBuild.exe - GenerateRefInfo.proj]
Build started 1/22/2016 5:31:00 PM.
Project &quot;C:\Users\Albert\Dropbox\Programming Assignments MonoGame\Programming Assignment 3\sandcastle\ProgrammingAssignment3\Documentation\Help\Working\GenerateRefInfo.proj&quot; on node 1 (default targets).
PrepareForBuild:
  Creating directory &quot;obj\Debug\&quot;.
GenerateRefInfo:
  MRefBuilder (v2015.10.10.0)
  Copyright c 2006-2015, Microsoft Corporation, All Rights Reserved.
  Portions Copyright c 2006-2015, Eric Woodruff, All Rights Reserved.
  Loaded 1 assemblies for reflection and 2 dependency assemblies.
  Wrote information on 1 namespaces, 3 types, and 11 members
  Copying file from &quot;reflection.org&quot; to &quot;reflection.all&quot;.
  XslTransform (v2015.10.10.0)
  Copyright c 2006-2015, Microsoft Corporation, All Rights Reserved.
  Portions Copyright c 2006-2015, Eric Woodruff, All Rights Reserved.
  Applying XSL transformation &#39;C:\Program Files (x86)\EWSoftware\Sandcastle Help File Builder\ProductionTransforms\MergeDuplicates.xsl&#39;.
Done Building Project &quot;C:\Users\Albert\Dropbox\Programming Assignments MonoGame\Programming Assignment 3\sandcastle\ProgrammingAssignment3\Documentation\Help\Working\GenerateRefInfo.proj&quot; (default targets).

Build succeeded.

Time Elapsed 00:00:00.36
    Last step completed in 00:00:00.4719
</buildStep>
<buildStep step="TransformReflectionInfo">
Transforming reflection output...
[C:\Program Files (x86)\MSBuild\14.0\bin\MSBuild.exe - TransformManifest.proj]
Build started 1/22/2016 5:31:01 PM.
Project &quot;C:\Users\Albert\Dropbox\Programming Assignments MonoGame\Programming Assignment 3\sandcastle\ProgrammingAssignment3\Documentation\Help\Working\TransformManifest.proj&quot; on node 1 (default targets).
TransformManifest:
  XslTransform (v2015.10.10.0)
  Copyright c 2006-2015, Microsoft Corporation, All Rights Reserved.
  Portions Copyright c 2006-2015, Eric Woodruff, All Rights Reserved.
  Applying XSL transformation &#39;C:\Program Files (x86)\EWSoftware\Sandcastle Help File Builder\\ProductionTransforms\ApplyVSDocModel.xsl&#39;.
  Copying file from &quot;reflection.xml&quot; to &quot;reflection.nofilenames&quot;.
  XslTransform (v2015.10.10.0)
  Copyright c 2006-2015, Microsoft Corporation, All Rights Reserved.
  Portions Copyright c 2006-2015, Eric Woodruff, All Rights Reserved.
  Applying XSL transformation &#39;C:\Program Files (x86)\EWSoftware\Sandcastle Help File Builder\ProductionTransforms\AddFilenames.xsl&#39;.
  XslTransform (v2015.10.10.0)
  Copyright c 2006-2015, Microsoft Corporation, All Rights Reserved.
  Portions Copyright c 2006-2015, Eric Woodruff, All Rights Reserved.
  Applying XSL transformation &#39;C:\Program Files (x86)\EWSoftware\Sandcastle Help File Builder\ProductionTransforms\ReflectionToManifest.xsl&#39;.
Done Building Project &quot;C:\Users\Albert\Dropbox\Programming Assignments MonoGame\Programming Assignment 3\sandcastle\ProgrammingAssignment3\Documentation\Help\Working\TransformManifest.proj&quot; (default targets).

Build succeeded.

Time Elapsed 00:00:00.25
    Last step completed in 00:00:00.3115
</buildStep>
<buildStep step="GenerateNamespaceSummaries">
Generating namespace summary information...
    Last step completed in 00:00:00.0180
</buildStep>
<buildStep step="CopyConceptualContent">
Copying conceptual content...
Copying standard token shared content file...
Checking for other token files...
Checking for code snippets files...
Copying images and creating the media map file...
Generating conceptual topic files
    Parsing topic file &#39;C:\Users\Albert\Dropbox\Programming Assignments MonoGame\Programming Assignment 3\sandcastle\ProgrammingAssignment3\Documentation\Content\Welcome.aml&#39;
    C:\Users\Albert\Dropbox\Programming Assignments MonoGame\Programming Assignment 3\sandcastle\ProgrammingAssignment3\Documentation\Content\Welcome.aml -&gt; C:\Users\Albert\Dropbox\Programming Assignments MonoGame\Programming Assignment 3\sandcastle\ProgrammingAssignment3\Documentation\Help\Working\ddueXml\893b9667-cb30-4fec-81aa-6fe51e74dd04.xml
    Parsing topic file &#39;C:\Users\Albert\Dropbox\Programming Assignments MonoGame\Programming Assignment 3\sandcastle\ProgrammingAssignment3\Documentation\Content\VersionHistory\VersionHistory.aml&#39;
    C:\Users\Albert\Dropbox\Programming Assignments MonoGame\Programming Assignment 3\sandcastle\ProgrammingAssignment3\Documentation\Content\VersionHistory\VersionHistory.aml -&gt; C:\Users\Albert\Dropbox\Programming Assignments MonoGame\Programming Assignment 3\sandcastle\ProgrammingAssignment3\Documentation\Help\Working\ddueXml\18f0c95c-dbca-4bc5-8d42-6aa7a4844709.xml
    Parsing topic file &#39;C:\Users\Albert\Dropbox\Programming Assignments MonoGame\Programming Assignment 3\sandcastle\ProgrammingAssignment3\Documentation\Content\VersionHistory\v1.0.0.0.aml&#39;
    C:\Users\Albert\Dropbox\Programming Assignments MonoGame\Programming Assignment 3\sandcastle\ProgrammingAssignment3\Documentation\Content\VersionHistory\v1.0.0.0.aml -&gt; C:\Users\Albert\Dropbox\Programming Assignments MonoGame\Programming Assignment 3\sandcastle\ProgrammingAssignment3\Documentation\Help\Working\ddueXml\c75d2b2b-e33c-4292-af02-b42010f36c67.xml
    Last step completed in 00:00:00.1295
</buildStep>
<buildStep step="CreateConceptualTopicConfigs">
Creating conceptual topic configuration files...
    Companion files
    _ContentMetadata_.xml
    ConceptualManifest.xml
    Last step completed in 00:00:00.0855
</buildStep>
<buildStep step="CopyAdditionalContent">
Copying additional content files...
C:\Users\Albert\Dropbox\Programming Assignments MonoGame\Programming Assignment 3\sandcastle\ProgrammingAssignment3\Documentation\icons\Help.png -&gt; C:\Users\Albert\Dropbox\Programming Assignments MonoGame\Programming Assignment 3\sandcastle\ProgrammingAssignment3\Documentation\Help\Working\Output\Website\icons\Help.png
    Last step completed in 00:00:00.0170
</buildStep>
<buildStep step="MergeTablesOfContents">
Merging conceptual and additional tables of contents...
    Last step completed in 00:00:00.0040
</buildStep>
<buildStep step="GenerateIntermediateTableOfContents">
Generating intermediate table of contents file...
[C:\Program Files (x86)\MSBuild\14.0\bin\MSBuild.exe - GenerateIntermediateTOC.proj]
Build started 1/22/2016 5:31:01 PM.
Project &quot;C:\Users\Albert\Dropbox\Programming Assignments MonoGame\Programming Assignment 3\sandcastle\ProgrammingAssignment3\Documentation\Help\Working\GenerateIntermediateTOC.proj&quot; on node 1 (default targets).
GenerateIntermediateTOC:
  XslTransform (v2015.10.10.0)
  Copyright c 2006-2015, Microsoft Corporation, All Rights Reserved.
  Portions Copyright c 2006-2015, Eric Woodruff, All Rights Reserved.
  Applying XSL transformation &#39;C:\Program Files (x86)\EWSoftware\Sandcastle Help File Builder\\ProductionTransforms\CreateVSToc.xsl&#39;.
Done Building Project &quot;C:\Users\Albert\Dropbox\Programming Assignments MonoGame\Programming Assignment 3\sandcastle\ProgrammingAssignment3\Documentation\Help\Working\GenerateIntermediateTOC.proj&quot; (default targets).

Build succeeded.

Time Elapsed 00:00:00.12
Generating conceptual content intermediate TOC file...
    Last step completed in 00:00:00.2041
</buildStep>
<buildStep step="CreateBuildAssemblerConfigs">
Creating Sandcastle configuration files...
    sandcastle.config
    conceptual.config
    Last step completed in 00:00:00.3541
</buildStep>
<buildStep step="MergeCustomConfigs">
Merging custom build component configurations
C:\Users\Albert\Dropbox\Programming Assignments MonoGame\Programming Assignment 3\sandcastle\ProgrammingAssignment3\Documentation\Help\Working\sandcastle.config
C:\Users\Albert\Dropbox\Programming Assignments MonoGame\Programming Assignment 3\sandcastle\ProgrammingAssignment3\Documentation\Help\Working\conceptual.config
    Removing unused ExampleComponent.
    Last step completed in 00:00:00.0310
</buildStep>
<buildStep step="BuildConceptualTopics">
Building conceptual help topics...
[C:\Program Files (x86)\MSBuild\14.0\bin\MSBuild.exe - BuildConceptualTopics.proj]
Build started 1/22/2016 5:31:02 PM.
Project &quot;C:\Users\Albert\Dropbox\Programming Assignments MonoGame\Programming Assignment 3\sandcastle\ProgrammingAssignment3\Documentation\Help\Working\BuildConceptualTopics.proj&quot; on node 1 (default targets).
BuildConceptualTopics:
  BuildAssembler (v2015.10.10.0)
  Copyright c 2006-2015, Microsoft Corporation, All Rights Reserved.
  Portions Copyright c 2006-2015, Eric Woodruff, All Rights Reserved.
  Loading configuration...
  Processing topics...
  Processed 3 topic(s)
  CopyFromIndexComponent: &quot;metadata&quot; in-memory cache entries used: 1 of 15.
Done Building Project &quot;C:\Users\Albert\Dropbox\Programming Assignments MonoGame\Programming Assignment 3\sandcastle\ProgrammingAssignment3\Documentation\Help\Working\BuildConceptualTopics.proj&quot; (default targets).

Build succeeded.

Time Elapsed 00:00:03.64
    Last step completed in 00:00:03.7253
</buildStep>
<buildStep step="BuildReferenceTopics">
Building reference help topics...
[C:\Program Files (x86)\MSBuild\14.0\bin\MSBuild.exe - BuildReferenceTopics.proj]
Build started 1/22/2016 5:31:06 PM.
Project &quot;C:\Users\Albert\Dropbox\Programming Assignments MonoGame\Programming Assignment 3\sandcastle\ProgrammingAssignment3\Documentation\Help\Working\BuildReferenceTopics.proj&quot; on node 1 (default targets).
BuildReferenceTopics:
  BuildAssembler (v2015.10.10.0)
  Copyright c 2006-2015, Microsoft Corporation, All Rights Reserved.
  Portions Copyright c 2006-2015, Eric Woodruff, All Rights Reserved.
  Loading configuration...
  Processing topics...
  Processed 18 topic(s)
  CopyFromIndexComponent: &quot;reflection&quot; in-memory cache entries used: 2 of 15.
  CopyFromIndexComponent: &quot;comments&quot; in-memory cache entries used: 1 of 30.
Done Building Project &quot;C:\Users\Albert\Dropbox\Programming Assignments MonoGame\Programming Assignment 3\sandcastle\ProgrammingAssignment3\Documentation\Help\Working\BuildReferenceTopics.proj&quot; (default targets).

Build succeeded.

Time Elapsed 00:00:06.63
    Last step completed in 00:00:06.7137
</buildStep>
<buildStep step="CombiningIntermediateTocFiles">
Combining conceptual and API intermediate TOC files...
    Last step completed in 00:00:00.0060
</buildStep>
<buildStep step="ExtractingHtmlInfo">
Extracting HTML info for HTML Help 1 and/or website...
[C:\Program Files (x86)\MSBuild\14.0\bin\MSBuild.exe - ExtractHtmlInfo.proj]
Sandcastle Help File Builder and Tools, version 2015.10.10.0
Copyright c 2006-2015, Eric Woodruff, All Rights Reserved
E-Mail: Eric@EWoodruff.us

Using LCID &#39;1033&#39;, code page &#39;65001&#39;, encoding charset &#39;UTF-8&#39;.

Processing website files in C:\Users\Albert\Dropbox\Programming Assignments MonoGame\Programming Assignment 3\sandcastle\ProgrammingAssignment3\Documentation\Help\Working\Output\Website
Processed 21 HTML files
Sorting keywords and generating See Also indices
Saving website keyword index to C:\Users\Albert\Dropbox\Programming Assignments MonoGame\Programming Assignment 3\sandcastle\ProgrammingAssignment3\Documentation\Help\Working\WebKI.xml
Saving website table of contents to C:\Users\Albert\Dropbox\Programming Assignments MonoGame\Programming Assignment 3\sandcastle\ProgrammingAssignment3\Documentation\Help\Working\WebTOC.xml
    Last step completed in 00:00:00.2863
</buildStep>
<buildStep step="CopyStandardHelpContent">
Copying standard help content...
C:\Program Files (x86)\EWSoftware\Sandcastle Help File Builder\PresentationStyles\VS2013\icons\AlertCaution.png -&gt; C:\Users\Albert\Dropbox\Programming Assignments MonoGame\Programming Assignment 3\sandcastle\ProgrammingAssignment3\Documentation\Help\Working\Output\Website\icons\AlertCaution.png
C:\Program Files (x86)\EWSoftware\Sandcastle Help File Builder\PresentationStyles\VS2013\icons\AlertNote.png -&gt; C:\Users\Albert\Dropbox\Programming Assignments MonoGame\Programming Assignment 3\sandcastle\ProgrammingAssignment3\Documentation\Help\Working\Output\Website\icons\AlertNote.png
C:\Program Files (x86)\EWSoftware\Sandcastle Help File Builder\PresentationStyles\VS2013\icons\AlertSecurity.png -&gt; C:\Users\Albert\Dropbox\Programming Assignments MonoGame\Programming Assignment 3\sandcastle\ProgrammingAssignment3\Documentation\Help\Working\Output\Website\icons\AlertSecurity.png
C:\Program Files (x86)\EWSoftware\Sandcastle Help File Builder\PresentationStyles\VS2013\icons\CFW.gif -&gt; C:\Users\Albert\Dropbox\Programming Assignments MonoGame\Programming Assignment 3\sandcastle\ProgrammingAssignment3\Documentation\Help\Working\Output\Website\icons\CFW.gif
C:\Program Files (x86)\EWSoftware\Sandcastle Help File Builder\PresentationStyles\VS2013\icons\CodeExample.png -&gt; C:\Users\Albert\Dropbox\Programming Assignments MonoGame\Programming Assignment 3\sandcastle\ProgrammingAssignment3\Documentation\Help\Working\Output\Website\icons\CodeExample.png
C:\Program Files (x86)\EWSoftware\Sandcastle Help File Builder\PresentationStyles\VS2013\icons\favicon.ico -&gt; C:\Users\Albert\Dropbox\Programming Assignments MonoGame\Programming Assignment 3\sandcastle\ProgrammingAssignment3\Documentation\Help\Working\Output\Website\icons\favicon.ico
C:\Program Files (x86)\EWSoftware\Sandcastle Help File Builder\PresentationStyles\VS2013\icons\privclass.gif -&gt; C:\Users\Albert\Dropbox\Programming Assignments MonoGame\Programming Assignment 3\sandcastle\ProgrammingAssignment3\Documentation\Help\Working\Output\Website\icons\privclass.gif
C:\Program Files (x86)\EWSoftware\Sandcastle Help File Builder\PresentationStyles\VS2013\icons\privdelegate.gif -&gt; C:\Users\Albert\Dropbox\Programming Assignments MonoGame\Programming Assignment 3\sandcastle\ProgrammingAssignment3\Documentation\Help\Working\Output\Website\icons\privdelegate.gif
C:\Program Files (x86)\EWSoftware\Sandcastle Help File Builder\PresentationStyles\VS2013\icons\privenumeration.gif -&gt; C:\Users\Albert\Dropbox\Programming Assignments MonoGame\Programming Assignment 3\sandcastle\ProgrammingAssignment3\Documentation\Help\Working\Output\Website\icons\privenumeration.gif
C:\Program Files (x86)\EWSoftware\Sandcastle Help File Builder\PresentationStyles\VS2013\icons\privevent.gif -&gt; C:\Users\Albert\Dropbox\Programming Assignments MonoGame\Programming Assignment 3\sandcastle\ProgrammingAssignment3\Documentation\Help\Working\Output\Website\icons\privevent.gif
C:\Program Files (x86)\EWSoftware\Sandcastle Help File Builder\PresentationStyles\VS2013\icons\privextension.gif -&gt; C:\Users\Albert\Dropbox\Programming Assignments MonoGame\Programming Assignment 3\sandcastle\ProgrammingAssignment3\Documentation\Help\Working\Output\Website\icons\privextension.gif
C:\Program Files (x86)\EWSoftware\Sandcastle Help File Builder\PresentationStyles\VS2013\icons\privfield.gif -&gt; C:\Users\Albert\Dropbox\Programming Assignments MonoGame\Programming Assignment 3\sandcastle\ProgrammingAssignment3\Documentation\Help\Working\Output\Website\icons\privfield.gif
C:\Program Files (x86)\EWSoftware\Sandcastle Help File Builder\PresentationStyles\VS2013\icons\privinterface.gif -&gt; C:\Users\Albert\Dropbox\Programming Assignments MonoGame\Programming Assignment 3\sandcastle\ProgrammingAssignment3\Documentation\Help\Working\Output\Website\icons\privinterface.gif
C:\Program Files (x86)\EWSoftware\Sandcastle Help File Builder\PresentationStyles\VS2013\icons\privmethod.gif -&gt; C:\Users\Albert\Dropbox\Programming Assignments MonoGame\Programming Assignment 3\sandcastle\ProgrammingAssignment3\Documentation\Help\Working\Output\Website\icons\privmethod.gif
C:\Program Files (x86)\EWSoftware\Sandcastle Help File Builder\PresentationStyles\VS2013\icons\privproperty.gif -&gt; C:\Users\Albert\Dropbox\Programming Assignments MonoGame\Programming Assignment 3\sandcastle\ProgrammingAssignment3\Documentation\Help\Working\Output\Website\icons\privproperty.gif
C:\Program Files (x86)\EWSoftware\Sandcastle Help File Builder\PresentationStyles\VS2013\icons\privstructure.gif -&gt; C:\Users\Albert\Dropbox\Programming Assignments MonoGame\Programming Assignment 3\sandcastle\ProgrammingAssignment3\Documentation\Help\Working\Output\Website\icons\privstructure.gif
C:\Program Files (x86)\EWSoftware\Sandcastle Help File Builder\PresentationStyles\VS2013\icons\protclass.gif -&gt; C:\Users\Albert\Dropbox\Programming Assignments MonoGame\Programming Assignment 3\sandcastle\ProgrammingAssignment3\Documentation\Help\Working\Output\Website\icons\protclass.gif
C:\Program Files (x86)\EWSoftware\Sandcastle Help File Builder\PresentationStyles\VS2013\icons\protdelegate.gif -&gt; C:\Users\Albert\Dropbox\Programming Assignments MonoGame\Programming Assignment 3\sandcastle\ProgrammingAssignment3\Documentation\Help\Working\Output\Website\icons\protdelegate.gif
C:\Program Files (x86)\EWSoftware\Sandcastle Help File Builder\PresentationStyles\VS2013\icons\protenumeration.gif -&gt; C:\Users\Albert\Dropbox\Programming Assignments MonoGame\Programming Assignment 3\sandcastle\ProgrammingAssignment3\Documentation\Help\Working\Output\Website\icons\protenumeration.gif
C:\Program Files (x86)\EWSoftware\Sandcastle Help File Builder\PresentationStyles\VS2013\icons\protevent.gif -&gt; C:\Users\Albert\Dropbox\Programming Assignments MonoGame\Programming Assignment 3\sandcastle\ProgrammingAssignment3\Documentation\Help\Working\Output\Website\icons\protevent.gif
C:\Program Files (x86)\EWSoftware\Sandcastle Help File Builder\PresentationStyles\VS2013\icons\protextension.gif -&gt; C:\Users\Albert\Dropbox\Programming Assignments MonoGame\Programming Assignment 3\sandcastle\ProgrammingAssignment3\Documentation\Help\Working\Output\Website\icons\protextension.gif
C:\Program Files (x86)\EWSoftware\Sandcastle Help File Builder\PresentationStyles\VS2013\icons\protfield.gif -&gt; C:\Users\Albert\Dropbox\Programming Assignments MonoGame\Programming Assignment 3\sandcastle\ProgrammingAssignment3\Documentation\Help\Working\Output\Website\icons\protfield.gif
C:\Program Files (x86)\EWSoftware\Sandcastle Help File Builder\PresentationStyles\VS2013\icons\protinterface.gif -&gt; C:\Users\Albert\Dropbox\Programming Assignments MonoGame\Programming Assignment 3\sandcastle\ProgrammingAssignment3\Documentation\Help\Working\Output\Website\icons\protinterface.gif
C:\Program Files (x86)\EWSoftware\Sandcastle Help File Builder\PresentationStyles\VS2013\icons\protmethod.gif -&gt; C:\Users\Albert\Dropbox\Programming Assignments MonoGame\Programming Assignment 3\sandcastle\ProgrammingAssignment3\Documentation\Help\Working\Output\Website\icons\protmethod.gif
C:\Program Files (x86)\EWSoftware\Sandcastle Help File Builder\PresentationStyles\VS2013\icons\protoperator.gif -&gt; C:\Users\Albert\Dropbox\Programming Assignments MonoGame\Programming Assignment 3\sandcastle\ProgrammingAssignment3\Documentation\Help\Working\Output\Website\icons\protoperator.gif
C:\Program Files (x86)\EWSoftware\Sandcastle Help File Builder\PresentationStyles\VS2013\icons\protproperty.gif -&gt; C:\Users\Albert\Dropbox\Programming Assignments MonoGame\Programming Assignment 3\sandcastle\ProgrammingAssignment3\Documentation\Help\Working\Output\Website\icons\protproperty.gif
C:\Program Files (x86)\EWSoftware\Sandcastle Help File Builder\PresentationStyles\VS2013\icons\protstructure.gif -&gt; C:\Users\Albert\Dropbox\Programming Assignments MonoGame\Programming Assignment 3\sandcastle\ProgrammingAssignment3\Documentation\Help\Working\Output\Website\icons\protstructure.gif
C:\Program Files (x86)\EWSoftware\Sandcastle Help File Builder\PresentationStyles\VS2013\icons\pubclass.gif -&gt; C:\Users\Albert\Dropbox\Programming Assignments MonoGame\Programming Assignment 3\sandcastle\ProgrammingAssignment3\Documentation\Help\Working\Output\Website\icons\pubclass.gif
C:\Program Files (x86)\EWSoftware\Sandcastle Help File Builder\PresentationStyles\VS2013\icons\pubdelegate.gif -&gt; C:\Users\Albert\Dropbox\Programming Assignments MonoGame\Programming Assignment 3\sandcastle\ProgrammingAssignment3\Documentation\Help\Working\Output\Website\icons\pubdelegate.gif
C:\Program Files (x86)\EWSoftware\Sandcastle Help File Builder\PresentationStyles\VS2013\icons\pubenumeration.gif -&gt; C:\Users\Albert\Dropbox\Programming Assignments MonoGame\Programming Assignment 3\sandcastle\ProgrammingAssignment3\Documentation\Help\Working\Output\Website\icons\pubenumeration.gif
C:\Program Files (x86)\EWSoftware\Sandcastle Help File Builder\PresentationStyles\VS2013\icons\pubevent.gif -&gt; C:\Users\Albert\Dropbox\Programming Assignments MonoGame\Programming Assignment 3\sandcastle\ProgrammingAssignment3\Documentation\Help\Working\Output\Website\icons\pubevent.gif
C:\Program Files (x86)\EWSoftware\Sandcastle Help File Builder\PresentationStyles\VS2013\icons\pubextension.gif -&gt; C:\Users\Albert\Dropbox\Programming Assignments MonoGame\Programming Assignment 3\sandcastle\ProgrammingAssignment3\Documentation\Help\Working\Output\Website\icons\pubextension.gif
C:\Program Files (x86)\EWSoftware\Sandcastle Help File Builder\PresentationStyles\VS2013\icons\pubfield.gif -&gt; C:\Users\Albert\Dropbox\Programming Assignments MonoGame\Programming Assignment 3\sandcastle\ProgrammingAssignment3\Documentation\Help\Working\Output\Website\icons\pubfield.gif
C:\Program Files (x86)\EWSoftware\Sandcastle Help File Builder\PresentationStyles\VS2013\icons\pubinterface.gif -&gt; C:\Users\Albert\Dropbox\Programming Assignments MonoGame\Programming Assignment 3\sandcastle\ProgrammingAssignment3\Documentation\Help\Working\Output\Website\icons\pubinterface.gif
C:\Program Files (x86)\EWSoftware\Sandcastle Help File Builder\PresentationStyles\VS2013\icons\pubmethod.gif -&gt; C:\Users\Albert\Dropbox\Programming Assignments MonoGame\Programming Assignment 3\sandcastle\ProgrammingAssignment3\Documentation\Help\Working\Output\Website\icons\pubmethod.gif
C:\Program Files (x86)\EWSoftware\Sandcastle Help File Builder\PresentationStyles\VS2013\icons\puboperator.gif -&gt; C:\Users\Albert\Dropbox\Programming Assignments MonoGame\Programming Assignment 3\sandcastle\ProgrammingAssignment3\Documentation\Help\Working\Output\Website\icons\puboperator.gif
C:\Program Files (x86)\EWSoftware\Sandcastle Help File Builder\PresentationStyles\VS2013\icons\pubproperty.gif -&gt; C:\Users\Albert\Dropbox\Programming Assignments MonoGame\Programming Assignment 3\sandcastle\ProgrammingAssignment3\Documentation\Help\Working\Output\Website\icons\pubproperty.gif
C:\Program Files (x86)\EWSoftware\Sandcastle Help File Builder\PresentationStyles\VS2013\icons\pubstructure.gif -&gt; C:\Users\Albert\Dropbox\Programming Assignments MonoGame\Programming Assignment 3\sandcastle\ProgrammingAssignment3\Documentation\Help\Working\Output\Website\icons\pubstructure.gif
C:\Program Files (x86)\EWSoftware\Sandcastle Help File Builder\PresentationStyles\VS2013\icons\SectionCollapsed.png -&gt; C:\Users\Albert\Dropbox\Programming Assignments MonoGame\Programming Assignment 3\sandcastle\ProgrammingAssignment3\Documentation\Help\Working\Output\Website\icons\SectionCollapsed.png
C:\Program Files (x86)\EWSoftware\Sandcastle Help File Builder\PresentationStyles\VS2013\icons\SectionExpanded.png -&gt; C:\Users\Albert\Dropbox\Programming Assignments MonoGame\Programming Assignment 3\sandcastle\ProgrammingAssignment3\Documentation\Help\Working\Output\Website\icons\SectionExpanded.png
C:\Program Files (x86)\EWSoftware\Sandcastle Help File Builder\PresentationStyles\VS2013\icons\slMobile.gif -&gt; C:\Users\Albert\Dropbox\Programming Assignments MonoGame\Programming Assignment 3\sandcastle\ProgrammingAssignment3\Documentation\Help\Working\Output\Website\icons\slMobile.gif
C:\Program Files (x86)\EWSoftware\Sandcastle Help File Builder\PresentationStyles\VS2013\icons\static.gif -&gt; C:\Users\Albert\Dropbox\Programming Assignments MonoGame\Programming Assignment 3\sandcastle\ProgrammingAssignment3\Documentation\Help\Working\Output\Website\icons\static.gif
C:\Program Files (x86)\EWSoftware\Sandcastle Help File Builder\PresentationStyles\VS2013\icons\xna.gif -&gt; C:\Users\Albert\Dropbox\Programming Assignments MonoGame\Programming Assignment 3\sandcastle\ProgrammingAssignment3\Documentation\Help\Working\Output\Website\icons\xna.gif
C:\Program Files (x86)\EWSoftware\Sandcastle Help File Builder\PresentationStyles\VS2013\scripts\branding.js -&gt; C:\Users\Albert\Dropbox\Programming Assignments MonoGame\Programming Assignment 3\sandcastle\ProgrammingAssignment3\Documentation\Help\Working\Output\Website\scripts\branding.js
C:\Program Files (x86)\EWSoftware\Sandcastle Help File Builder\PresentationStyles\VS2013\styles\branding-cs-CZ.css -&gt; C:\Users\Albert\Dropbox\Programming Assignments MonoGame\Programming Assignment 3\sandcastle\ProgrammingAssignment3\Documentation\Help\Working\Output\Website\styles\branding-cs-CZ.css
C:\Program Files (x86)\EWSoftware\Sandcastle Help File Builder\PresentationStyles\VS2013\styles\branding-de-DE.css -&gt; C:\Users\Albert\Dropbox\Programming Assignments MonoGame\Programming Assignment 3\sandcastle\ProgrammingAssignment3\Documentation\Help\Working\Output\Website\styles\branding-de-DE.css
C:\Program Files (x86)\EWSoftware\Sandcastle Help File Builder\PresentationStyles\VS2013\styles\branding-en-US.css -&gt; C:\Users\Albert\Dropbox\Programming Assignments MonoGame\Programming Assignment 3\sandcastle\ProgrammingAssignment3\Documentation\Help\Working\Output\Website\styles\branding-en-US.css
C:\Program Files (x86)\EWSoftware\Sandcastle Help File Builder\PresentationStyles\VS2013\styles\branding-es-ES.css -&gt; C:\Users\Albert\Dropbox\Programming Assignments MonoGame\Programming Assignment 3\sandcastle\ProgrammingAssignment3\Documentation\Help\Working\Output\Website\styles\branding-es-ES.css
C:\Program Files (x86)\EWSoftware\Sandcastle Help File Builder\PresentationStyles\VS2013\styles\branding-fr-FR.css -&gt; C:\Users\Albert\Dropbox\Programming Assignments MonoGame\Programming Assignment 3\sandcastle\ProgrammingAssignment3\Documentation\Help\Working\Output\Website\styles\branding-fr-FR.css
C:\Program Files (x86)\EWSoftware\Sandcastle Help File Builder\PresentationStyles\VS2013\styles\branding-Help1.css -&gt; C:\Users\Albert\Dropbox\Programming Assignments MonoGame\Programming Assignment 3\sandcastle\ProgrammingAssignment3\Documentation\Help\Working\Output\Website\styles\branding-Help1.css
C:\Program Files (x86)\EWSoftware\Sandcastle Help File Builder\PresentationStyles\VS2013\styles\branding-HelpViewer.css -&gt; C:\Users\Albert\Dropbox\Programming Assignments MonoGame\Programming Assignment 3\sandcastle\ProgrammingAssignment3\Documentation\Help\Working\Output\Website\styles\branding-HelpViewer.css
C:\Program Files (x86)\EWSoftware\Sandcastle Help File Builder\PresentationStyles\VS2013\styles\branding-it-IT.css -&gt; C:\Users\Albert\Dropbox\Programming Assignments MonoGame\Programming Assignment 3\sandcastle\ProgrammingAssignment3\Documentation\Help\Working\Output\Website\styles\branding-it-IT.css
C:\Program Files (x86)\EWSoftware\Sandcastle Help File Builder\PresentationStyles\VS2013\styles\branding-ja-JP.css -&gt; C:\Users\Albert\Dropbox\Programming Assignments MonoGame\Programming Assignment 3\sandcastle\ProgrammingAssignment3\Documentation\Help\Working\Output\Website\styles\branding-ja-JP.css
C:\Program Files (x86)\EWSoftware\Sandcastle Help File Builder\PresentationStyles\VS2013\styles\branding-ko-KR.css -&gt; C:\Users\Albert\Dropbox\Programming Assignments MonoGame\Programming Assignment 3\sandcastle\ProgrammingAssignment3\Documentation\Help\Working\Output\Website\styles\branding-ko-KR.css
C:\Program Files (x86)\EWSoftware\Sandcastle Help File Builder\PresentationStyles\VS2013\styles\branding-pl-PL.css -&gt; C:\Users\Albert\Dropbox\Programming Assignments MonoGame\Programming Assignment 3\sandcastle\ProgrammingAssignment3\Documentation\Help\Working\Output\Website\styles\branding-pl-PL.css
C:\Program Files (x86)\EWSoftware\Sandcastle Help File Builder\PresentationStyles\VS2013\styles\branding-pt-BR.css -&gt; C:\Users\Albert\Dropbox\Programming Assignments MonoGame\Programming Assignment 3\sandcastle\ProgrammingAssignment3\Documentation\Help\Working\Output\Website\styles\branding-pt-BR.css
C:\Program Files (x86)\EWSoftware\Sandcastle Help File Builder\PresentationStyles\VS2013\styles\branding-ru-RU.css -&gt; C:\Users\Albert\Dropbox\Programming Assignments MonoGame\Programming Assignment 3\sandcastle\ProgrammingAssignment3\Documentation\Help\Working\Output\Website\styles\branding-ru-RU.css
C:\Program Files (x86)\EWSoftware\Sandcastle Help File Builder\PresentationStyles\VS2013\styles\branding-tr-TR.css -&gt; C:\Users\Albert\Dropbox\Programming Assignments MonoGame\Programming Assignment 3\sandcastle\ProgrammingAssignment3\Documentation\Help\Working\Output\Website\styles\branding-tr-TR.css
C:\Program Files (x86)\EWSoftware\Sandcastle Help File Builder\PresentationStyles\VS2013\styles\branding-Website.css -&gt; C:\Users\Albert\Dropbox\Programming Assignments MonoGame\Programming Assignment 3\sandcastle\ProgrammingAssignment3\Documentation\Help\Working\Output\Website\styles\branding-Website.css
C:\Program Files (x86)\EWSoftware\Sandcastle Help File Builder\PresentationStyles\VS2013\styles\branding-zh-CN.css -&gt; C:\Users\Albert\Dropbox\Programming Assignments MonoGame\Programming Assignment 3\sandcastle\ProgrammingAssignment3\Documentation\Help\Working\Output\Website\styles\branding-zh-CN.css
C:\Program Files (x86)\EWSoftware\Sandcastle Help File Builder\PresentationStyles\VS2013\styles\branding-zh-TW.css -&gt; C:\Users\Albert\Dropbox\Programming Assignments MonoGame\Programming Assignment 3\sandcastle\ProgrammingAssignment3\Documentation\Help\Working\Output\Website\styles\branding-zh-TW.css
C:\Program Files (x86)\EWSoftware\Sandcastle Help File Builder\PresentationStyles\VS2013\styles\branding.css -&gt; C:\Users\Albert\Dropbox\Programming Assignments MonoGame\Programming Assignment 3\sandcastle\ProgrammingAssignment3\Documentation\Help\Working\Output\Website\styles\branding.css
C:\Program Files (x86)\EWSoftware\Sandcastle Help File Builder\PresentationStyles\VS2013\Web\index.html -&gt; C:\Users\Albert\Dropbox\Programming Assignments MonoGame\Programming Assignment 3\sandcastle\ProgrammingAssignment3\Documentation\Help\Working\Output\Website\index.html
C:\Program Files (x86)\EWSoftware\Sandcastle Help File Builder\PresentationStyles\VS2013\Web\search.html -&gt; C:\Users\Albert\Dropbox\Programming Assignments MonoGame\Programming Assignment 3\sandcastle\ProgrammingAssignment3\Documentation\Help\Working\Output\Website\search.html
C:\Program Files (x86)\EWSoftware\Sandcastle Help File Builder\PresentationStyles\VS2013\Web\SearchHelp.aspx -&gt; C:\Users\Albert\Dropbox\Programming Assignments MonoGame\Programming Assignment 3\sandcastle\ProgrammingAssignment3\Documentation\Help\Working\Output\Website\SearchHelp.aspx
C:\Program Files (x86)\EWSoftware\Sandcastle Help File Builder\PresentationStyles\VS2013\Web\SearchHelp.inc.php -&gt; C:\Users\Albert\Dropbox\Programming Assignments MonoGame\Programming Assignment 3\sandcastle\ProgrammingAssignment3\Documentation\Help\Working\Output\Website\SearchHelp.inc.php
C:\Program Files (x86)\EWSoftware\Sandcastle Help File Builder\PresentationStyles\VS2013\Web\SearchHelp.php -&gt; C:\Users\Albert\Dropbox\Programming Assignments MonoGame\Programming Assignment 3\sandcastle\ProgrammingAssignment3\Documentation\Help\Working\Output\Website\SearchHelp.php
C:\Program Files (x86)\EWSoftware\Sandcastle Help File Builder\PresentationStyles\VS2013\Web\Web.Config -&gt; C:\Users\Albert\Dropbox\Programming Assignments MonoGame\Programming Assignment 3\sandcastle\ProgrammingAssignment3\Documentation\Help\Working\Output\Website\Web.Config
C:\Program Files (x86)\EWSoftware\Sandcastle Help File Builder\PresentationStyles\VS2013\Web\icons\Search.png -&gt; C:\Users\Albert\Dropbox\Programming Assignments MonoGame\Programming Assignment 3\sandcastle\ProgrammingAssignment3\Documentation\Help\Working\Output\Website\icons\Search.png
C:\Program Files (x86)\EWSoftware\Sandcastle Help File Builder\PresentationStyles\VS2013\Web\icons\TocClose.gif -&gt; C:\Users\Albert\Dropbox\Programming Assignments MonoGame\Programming Assignment 3\sandcastle\ProgrammingAssignment3\Documentation\Help\Working\Output\Website\icons\TocClose.gif
C:\Program Files (x86)\EWSoftware\Sandcastle Help File Builder\PresentationStyles\VS2013\Web\icons\TocCollapsed.gif -&gt; C:\Users\Albert\Dropbox\Programming Assignments MonoGame\Programming Assignment 3\sandcastle\ProgrammingAssignment3\Documentation\Help\Working\Output\Website\icons\TocCollapsed.gif
C:\Program Files (x86)\EWSoftware\Sandcastle Help File Builder\PresentationStyles\VS2013\Web\icons\TocExpanded.gif -&gt; C:\Users\Albert\Dropbox\Programming Assignments MonoGame\Programming Assignment 3\sandcastle\ProgrammingAssignment3\Documentation\Help\Working\Output\Website\icons\TocExpanded.gif
C:\Program Files (x86)\EWSoftware\Sandcastle Help File Builder\PresentationStyles\VS2013\Web\icons\TocOpen.gif -&gt; C:\Users\Albert\Dropbox\Programming Assignments MonoGame\Programming Assignment 3\sandcastle\ProgrammingAssignment3\Documentation\Help\Working\Output\Website\icons\TocOpen.gif
C:\Program Files (x86)\EWSoftware\Sandcastle Help File Builder\PresentationStyles\VS2013\Web\scripts\branding-Website.js -&gt; C:\Users\Albert\Dropbox\Programming Assignments MonoGame\Programming Assignment 3\sandcastle\ProgrammingAssignment3\Documentation\Help\Working\Output\Website\scripts\branding-Website.js
C:\Program Files (x86)\EWSoftware\Sandcastle Help File Builder\PresentationStyles\VS2013\Web\scripts\jquery-1.11.0.min.js -&gt; C:\Users\Albert\Dropbox\Programming Assignments MonoGame\Programming Assignment 3\sandcastle\ProgrammingAssignment3\Documentation\Help\Working\Output\Website\scripts\jquery-1.11.0.min.js
    Last step completed in 00:00:00.8922
</buildStep>
<buildStep step="GenerateHelpFormatTableOfContents">
Generating website table of contents file...
    Last step completed in 00:00:00.0010
</buildStep>
<buildStep step="GenerateFullTextIndex">
Generating full-text index for the website...

<plugIn name="Lightweight Website Style" behavior="After" priority="1000">
Adding lightweight search and TOC elements to each topic...
</plugIn>    Last step completed in 00:00:00.2778
</buildStep>
<buildStep step="CopyingWebsiteFiles">
Copying website files to output folder...

Copied 127 files for the website content
    Last step completed in 00:00:00.3661
</buildStep>
<buildStep step="CleanIntermediates">
Removing intermediate files...
    Not all build output was removed from &#39;C:\Users\Albert\Dropbox\Programming Assignments MonoGame\Programming Assignment 3\sandcastle\ProgrammingAssignment3\Documentation\Help\Working\&#39;: The directory is not empty.

    Last step completed in 00:00:00.0440
</buildStep>
<buildStep step="Completed">

Build completed successfully at 1/22/2016 5:31:14 PM.  Total time: 00:00:14.8187

</buildStep>
</shfbBuild>
